# JRE version: OpenJDK Runtime Environment (11.0.13) (build 11.0.13+0-b1751.21-8125866)
# Java VM: OpenJDK 64-Bit Server VM (11.0.13+0-b1751.21-8125866, mixed mode, tiered, compressed oops, g1 gc, windows-amd64)
Heap:
 garbage-first heap   total 520192K, used 259788K [0x0000000080000000, 0x0000000100000000)
  region size 1024K, 2 young (2048K), 2 survivors (2048K)
 Metaspace       used 132808K, capacity 135793K, committed 135856K, reserved 1167360K
  class space    used 16297K, capacity 17351K, committed 17408K, reserved 1048576K
GC Heap History (20 events):
Event: 6934.383 GC heap after
{Heap after GC invocations=117 (full 0):
 garbage-first heap   total 273408K, used 209001K [0x0000000080000000, 0x0000000100000000)
  region size 1024K, 5 young (5120K), 5 survivors (5120K)
 Metaspace       used 128430K, capacity 131260K, committed 131504K, reserved 1165312K
  class space    used 15576K, capacity 16600K, committed 16640K, reserved 1048576K
}
Event: 6935.253 GC heap before
{Heap before GC invocations=118 (full 0):
 garbage-first heap   total 273408K, used 234601K [0x0000000080000000, 0x0000000100000000)
  region size 1024K, 26 young (26624K), 5 survivors (5120K)
 Metaspace       used 130675K, capacity 133605K, committed 133808K, reserved 1165312K
  class space    used 16051K, capacity 17115K, committed 17152K, reserved 1048576K
}
Event: 6935.283 GC heap after
{Heap after GC invocations=119 (full 0):
 garbage-first heap   total 273408K, used 217616K [0x0000000080000000, 0x0000000100000000)
  region size 1024K, 4 young (4096K), 4 survivors (4096K)
 Metaspace       used 130675K, capacity 133605K, committed 133808K, reserved 1165312K
  class space    used 16051K, capacity 17115K, committed 17152K, reserved 1048576K
}
Event: 6935.439 GC heap before
{Heap before GC invocations=119 (full 0):
 garbage-first heap   total 273408K, used 225808K [0x0000000080000000, 0x0000000100000000)
  region size 1024K, 13 young (13312K), 4 survivors (4096K)
 Metaspace       used 130807K, capacity 133746K, committed 133808K, reserved 1165312K
  class space    used 16051K, capacity 17115K, committed 17152K, reserved 1048576K
}
Event: 6935.467 GC heap after
{Heap after GC invocations=120 (full 0):
 garbage-first heap   total 273408K, used 220160K [0x0000000080000000, 0x0000000100000000)
  region size 1024K, 2 young (2048K), 2 survivors (2048K)
 Metaspace       used 130807K, capacity 133746K, committed 133808K, reserved 1165312K
  class space    used 16051K, capacity 17115K, committed 17152K, reserved 1048576K
}
Event: 6935.566 GC heap before
{Heap before GC invocations=120 (full 0):
 garbage-first heap   total 273408K, used 233472K [0x0000000080000000, 0x0000000100000000)
  region size 1024K, 15 young (15360K), 2 survivors (2048K)
 Metaspace       used 130847K, capacity 133751K, committed 133808K, reserved 1165312K
  class space    used 16053K, capacity 17116K, committed 17152K, reserved 1048576K
}
Event: 6935.583 GC heap after
{Heap after GC invocations=121 (full 0):
 garbage-first heap   total 273408K, used 227328K [0x0000000080000000, 0x0000000100000000)
  region size 1024K, 2 young (2048K), 2 survivors (2048K)
 Metaspace       used 130847K, capacity 133751K, committed 133808K, reserved 1165312K
  class space    used 16053K, capacity 17116K, committed 17152K, reserved 1048576K
}
Event: 6935.883 GC heap before
{Heap before GC invocations=121 (full 0):
 garbage-first heap   total 273408K, used 238592K [0x0000000080000000, 0x0000000100000000)
  region size 1024K, 13 young (13312K), 2 survivors (2048K)
 Metaspace       used 130889K, capacity 133818K, committed 134064K, reserved 1167360K
  class space    used 16053K, capacity 17116K, committed 17152K, reserved 1048576K
}
Event: 6935.895 GC heap after
{Heap after GC invocations=122 (full 0):
 garbage-first heap   total 273408K, used 233817K [0x0000000080000000, 0x0000000100000000)
  region size 1024K, 2 young (2048K), 2 survivors (2048K)
 Metaspace       used 130889K, capacity 133818K, committed 134064K, reserved 1167360K
  class space    used 16053K, capacity 17116K, committed 17152K, reserved 1048576K
}
Event: 6936.123 GC heap before
{Heap before GC invocations=122 (full 0):
 garbage-first heap   total 273408K, used 245081K [0x0000000080000000, 0x0000000100000000)
  region size 1024K, 13 young (13312K), 2 survivors (2048K)
 Metaspace       used 130831K, capacity 133714K, committed 134064K, reserved 1167360K
  class space    used 16029K, capacity 17074K, committed 17152K, reserved 1048576K
}
Event: 6936.138 GC heap after
{Heap after GC invocations=123 (full 0):
 garbage-first heap   total 273408K, used 239616K [0x0000000080000000, 0x0000000100000000)
  region size 1024K, 2 young (2048K), 2 survivors (2048K)
 Metaspace       used 130831K, capacity 133714K, committed 134064K, reserved 1167360K
  class space    used 16029K, capacity 17074K, committed 17152K, reserved 1048576K
}
Event: 6936.277 GC heap before
{Heap before GC invocations=123 (full 0):
 garbage-first heap   total 273408K, used 250880K [0x0000000080000000, 0x0000000100000000)
  region size 1024K, 13 young (13312K), 2 survivors (2048K)
 Metaspace       used 130832K, capacity 133714K, committed 134064K, reserved 1167360K
  class space    used 16029K, capacity 17074K, committed 17152K, reserved 1048576K
}
Event: 6936.299 GC heap after
{Heap after GC invocations=124 (full 0):
 garbage-first heap   total 273408K, used 245760K [0x0000000080000000, 0x0000000100000000)
  region size 1024K, 2 young (2048K), 2 survivors (2048K)
 Metaspace       used 130832K, capacity 133714K, committed 134064K, reserved 1167360K
  class space    used 16029K, capacity 17074K, committed 17152K, reserved 1048576K
}
Event: 6936.413 GC heap before
{Heap before GC invocations=125 (full 0):
 garbage-first heap   total 273408K, used 256000K [0x0000000080000000, 0x0000000100000000)
  region size 1024K, 13 young (13312K), 2 survivors (2048K)
 Metaspace       used 130839K, capacity 133714K, committed 134064K, reserved 1167360K
  class space    used 16029K, capacity 17074K, committed 17152K, reserved 1048576K
}
Event: 6936.433 GC heap after
{Heap after GC invocations=126 (full 0):
 garbage-first heap   total 273408K, used 252182K [0x0000000080000000, 0x0000000100000000)
  region size 1024K, 2 young (2048K), 2 survivors (2048K)
 Metaspace       used 130839K, capacity 133714K, committed 134064K, reserved 1167360K
  class space    used 16029K, capacity 17074K, committed 17152K, reserved 1048576K
}
Event: 6936.533 GC heap before
{Heap before GC invocations=126 (full 0):
 garbage-first heap   total 273408K, used 262422K [0x0000000080000000, 0x0000000100000000)
  region size 1024K, 13 young (13312K), 2 survivors (2048K)
 Metaspace       used 130881K, capacity 133774K, committed 134064K, reserved 1167360K
  class space    used 16036K, capacity 17085K, committed 17152K, reserved 1048576K
}
Event: 6936.573 GC heap after
{Heap after GC invocations=127 (full 0):
 garbage-first heap   total 280576K, used 251454K [0x0000000080000000, 0x0000000100000000)
  region size 1024K, 2 young (2048K), 2 survivors (2048K)
 Metaspace       used 130881K, capacity 133774K, committed 134064K, reserved 1167360K
  class space    used 16036K, capacity 17085K, committed 17152K, reserved 1048576K
}
Event: 6936.692 GC heap before
{Heap before GC invocations=127 (full 0):
 garbage-first heap   total 280576K, used 261694K [0x0000000080000000, 0x0000000100000000)
  region size 1024K, 13 young (13312K), 2 survivors (2048K)
 Metaspace       used 130914K, capacity 133838K, committed 134064K, reserved 1167360K
  class space    used 16041K, capacity 17085K, committed 17152K, reserved 1048576K
}
Event: 6936.711 GC heap after
{Heap after GC invocations=128 (full 0):
 garbage-first heap   total 280576K, used 257536K [0x0000000080000000, 0x0000000100000000)
  region size 1024K, 2 young (2048K), 2 survivors (2048K)
 Metaspace       used 130914K, capacity 133838K, committed 134064K, reserved 1167360K
  class space    used 16041K, capacity 17085K, committed 17152K, reserved 1048576K
}
Event: 6937.474 GC heap before
{Heap before GC invocations=128 (full 0):
 garbage-first heap   total 280576K, used 267776K [0x0000000080000000, 0x0000000100000000)
  region size 1024K, 13 young (13312K), 2 survivors (2048K)
 Metaspace       used 132808K, capacity 135793K, committed 135856K, reserved 1167360K
  class space    used 16297K, capacity 17351K, committed 17408K, reserved 1048576K
}

