# JRE version: OpenJDK Runtime Environment (11.0.13) (build 11.0.13+0-b1751.21-8125866)
# Java VM: OpenJDK 64-Bit Server VM (11.0.13+0-b1751.21-8125866, mixed mode, tiered, compressed oops, g1 gc, windows-amd64)
Heap:
 garbage-first heap   total 402432K, used 186368K [0x0000000080000000, 0x0000000100000000)
  region size 1024K, 4 young (4096K), 4 survivors (4096K)
 Metaspace       used 97679K, capacity 100054K, committed 100212K, reserved 1136640K
  class space    used 12629K, capacity 13505K, committed 13592K, reserved 1048576K
GC Heap History (20 events):
Event: 47.745 GC heap after
{Heap after GC invocations=33 (full 0):
 garbage-first heap   total 157696K, used 88640K [0x0000000080000000, 0x0000000100000000)
  region size 1024K, 5 young (5120K), 5 survivors (5120K)
 Metaspace       used 90911K, capacity 93064K, committed 93172K, reserved 1130496K
  class space    used 11596K, capacity 12385K, committed 12440K, reserved 1048576K
}
Event: 48.376 GC heap before
{Heap before GC invocations=34 (full 0):
 garbage-first heap   total 157696K, used 96832K [0x0000000080000000, 0x0000000100000000)
  region size 1024K, 13 young (13312K), 5 survivors (5120K)
 Metaspace       used 91123K, capacity 93259K, committed 93428K, reserved 1130496K
  class space    used 11596K, capacity 12385K, committed 12440K, reserved 1048576K
}
Event: 48.395 GC heap after
{Heap after GC invocations=35 (full 0):
 garbage-first heap   total 157696K, used 92733K [0x0000000080000000, 0x0000000100000000)
  region size 1024K, 3 young (3072K), 3 survivors (3072K)
 Metaspace       used 91123K, capacity 93259K, committed 93428K, reserved 1130496K
  class space    used 11596K, capacity 12385K, committed 12440K, reserved 1048576K
}
Event: 49.682 GC heap before
{Heap before GC invocations=36 (full 0):
 garbage-first heap   total 157696K, used 120381K [0x0000000080000000, 0x0000000100000000)
  region size 1024K, 26 young (26624K), 3 survivors (3072K)
 Metaspace       used 93525K, capacity 95691K, committed 95860K, reserved 1132544K
  class space    used 11928K, capacity 12730K, committed 12824K, reserved 1048576K
}
Event: 49.706 GC heap after
{Heap after GC invocations=37 (full 0):
 garbage-first heap   total 189440K, used 100961K [0x0000000080000000, 0x0000000100000000)
  region size 1024K, 4 young (4096K), 4 survivors (4096K)
 Metaspace       used 93525K, capacity 95691K, committed 95860K, reserved 1132544K
  class space    used 11928K, capacity 12730K, committed 12824K, reserved 1048576K
}
Event: 49.834 GC heap before
{Heap before GC invocations=37 (full 0):
 garbage-first heap   total 189440K, used 105057K [0x0000000080000000, 0x0000000100000000)
  region size 1024K, 9 young (9216K), 4 survivors (4096K)
 Metaspace       used 94044K, capacity 96240K, committed 96500K, reserved 1132544K
  class space    used 11993K, capacity 12807K, committed 12952K, reserved 1048576K
}
Event: 49.849 GC heap after
{Heap after GC invocations=38 (full 0):
 garbage-first heap   total 189440K, used 102657K [0x0000000080000000, 0x0000000100000000)
  region size 1024K, 2 young (2048K), 2 survivors (2048K)
 Metaspace       used 94044K, capacity 96240K, committed 96500K, reserved 1132544K
  class space    used 11993K, capacity 12807K, committed 12952K, reserved 1048576K
}
Event: 51.301 GC heap before
{Heap before GC invocations=39 (full 0):
 garbage-first heap   total 189440K, used 168193K [0x0000000080000000, 0x0000000100000000)
  region size 1024K, 39 young (39936K), 2 survivors (2048K)
 Metaspace       used 94822K, capacity 97054K, committed 97268K, reserved 1134592K
  class space    used 12113K, capacity 12931K, committed 12952K, reserved 1048576K
}
Event: 51.337 GC heap after
{Heap after GC invocations=40 (full 0):
 garbage-first heap   total 189440K, used 125042K [0x0000000080000000, 0x0000000100000000)
  region size 1024K, 5 young (5120K), 5 survivors (5120K)
 Metaspace       used 94822K, capacity 97054K, committed 97268K, reserved 1134592K
  class space    used 12113K, capacity 12931K, committed 12952K, reserved 1048576K
}
Event: 51.814 GC heap before
{Heap before GC invocations=40 (full 0):
 garbage-first heap   total 189440K, used 142450K [0x0000000080000000, 0x0000000100000000)
  region size 1024K, 24 young (24576K), 5 survivors (5120K)
 Metaspace       used 95077K, capacity 97294K, committed 97652K, reserved 1134592K
  class space    used 12146K, capacity 12968K, committed 13080K, reserved 1048576K
}
Event: 51.852 GC heap after
{Heap after GC invocations=41 (full 0):
 garbage-first heap   total 189440K, used 131288K [0x0000000080000000, 0x0000000100000000)
  region size 1024K, 4 young (4096K), 4 survivors (4096K)
 Metaspace       used 95077K, capacity 97294K, committed 97652K, reserved 1134592K
  class space    used 12146K, capacity 12968K, committed 13080K, reserved 1048576K
}
Event: 52.488 GC heap before
{Heap before GC invocations=41 (full 0):
 garbage-first heap   total 189440K, used 152792K [0x0000000080000000, 0x0000000100000000)
  region size 1024K, 24 young (24576K), 4 survivors (4096K)
 Metaspace       used 95141K, capacity 97374K, committed 97652K, reserved 1134592K
  class space    used 12157K, capacity 12973K, committed 13080K, reserved 1048576K
}
Event: 52.516 GC heap after
{Heap after GC invocations=42 (full 0):
 garbage-first heap   total 240640K, used 138746K [0x0000000080000000, 0x0000000100000000)
  region size 1024K, 3 young (3072K), 3 survivors (3072K)
 Metaspace       used 95141K, capacity 97374K, committed 97652K, reserved 1134592K
  class space    used 12157K, capacity 12973K, committed 13080K, reserved 1048576K
}
Event: 53.078 GC heap before
{Heap before GC invocations=43 (full 0):
 garbage-first heap   total 240640K, used 162298K [0x0000000080000000, 0x0000000100000000)
  region size 1024K, 27 young (27648K), 3 survivors (3072K)
 Metaspace       used 97348K, capacity 99636K, committed 99956K, reserved 1136640K
  class space    used 12615K, capacity 13500K, committed 13592K, reserved 1048576K
}
Event: 53.108 GC heap after
{Heap after GC invocations=44 (full 0):
 garbage-first heap   total 240640K, used 140794K [0x0000000080000000, 0x0000000100000000)
  region size 1024K, 5 young (5120K), 5 survivors (5120K)
 Metaspace       used 97348K, capacity 99636K, committed 99956K, reserved 1136640K
  class space    used 12615K, capacity 13500K, committed 13592K, reserved 1048576K
}
Event: 55.091 GC heap before
{Heap before GC invocations=45 (full 0):
 garbage-first heap   total 240640K, used 180730K [0x0000000080000000, 0x0000000100000000)
  region size 1024K, 42 young (43008K), 5 survivors (5120K)
 Metaspace       used 97643K, capacity 99989K, committed 100212K, reserved 1136640K
  class space    used 12629K, capacity 13505K, committed 13592K, reserved 1048576K
}
Event: 55.184 GC heap after
{Heap after GC invocations=46 (full 0):
 garbage-first heap   total 240640K, used 158926K [0x0000000080000000, 0x0000000100000000)
  region size 1024K, 6 young (6144K), 6 survivors (6144K)
 Metaspace       used 97643K, capacity 99989K, committed 100212K, reserved 1136640K
  class space    used 12629K, capacity 13505K, committed 13592K, reserved 1048576K
}
Event: 56.306 GC heap before
{Heap before GC invocations=46 (full 0):
 garbage-first heap   total 240640K, used 186574K [0x0000000080000000, 0x0000000100000000)
  region size 1024K, 34 young (34816K), 6 survivors (6144K)
 Metaspace       used 97673K, capacity 100054K, committed 100212K, reserved 1136640K
  class space    used 12629K, capacity 13505K, committed 13592K, reserved 1048576K
}
Event: 56.389 GC heap after
{Heap after GC invocations=47 (full 0):
 garbage-first heap   total 240640K, used 174592K [0x0000000080000000, 0x0000000100000000)
  region size 1024K, 5 young (5120K), 5 survivors (5120K)
 Metaspace       used 97673K, capacity 100054K, committed 100212K, reserved 1136640K
  class space    used 12629K, capacity 13505K, committed 13592K, reserved 1048576K
}
Event: 57.865 GC heap before
{Heap before GC invocations=48 (full 0):
 garbage-first heap   total 240640K, used 195072K [0x0000000080000000, 0x0000000100000000)
  region size 1024K, 25 young (25600K), 5 survivors (5120K)
 Metaspace       used 97679K, capacity 100054K, committed 100212K, reserved 1136640K
  class space    used 12629K, capacity 13505K, committed 13592K, reserved 1048576K
}

